2024-08-16 17:16:59,337	[INFO]	C:\py\VSCODE\django_chatbot\venv_djanbot\Lib\site-packages\django\core\servers\basehttp.py(Line:212)	"POST /chat_app/ask_first/ HTTP/1.1" 200 675
2024-08-16 17:17:03,264	[INFO]	C:\py\VSCODE\django_chatbot\venv_djanbot\Lib\site-packages\django\core\servers\basehttp.py(Line:212)	"POST /chat_app/submit_faisssearch_responses/ HTTP/1.1" 200 150
2024-08-16 17:17:03,277	[INFO]	C:\py\VSCODE\django_chatbot\venv_djanbot\Lib\site-packages\django\core\servers\basehttp.py(Line:212)	"GET /chat_app/chat/ HTTP/1.1" 200 27012
2024-08-16 17:17:07,588	[INFO]	C:\py\VSCODE\django_chatbot\venv_djanbot\Lib\site-packages\django\core\servers\basehttp.py(Line:212)	"POST /chat_app/ask/ HTTP/1.1" 200 3021
2024-08-16 17:17:29,317	[INFO]	C:\py\VSCODE\django_chatbot\venv_djanbot\Lib\site-packages\django\core\servers\basehttp.py(Line:212)	"GET /chat_app/chat_first/?user_message=%E3%83%87%E3%83%BC%E3%82%BF%E5%8F%96%E8%BE%BC%E3%81%AB%E3%81%A4%E3%81%84%E3%81%A6%E6%95%99%E3%81%88%E3%81%A6%E3%81%8F%E3%81%A0%E3%81%95%E3%81%84 HTTP/1.1" 200 34143
2024-08-16 17:17:30,570	[INFO]	C:\py\VSCODE\django_chatbot\venv_djanbot\Lib\site-packages\django\core\servers\basehttp.py(Line:212)	"POST /chat_app/ask_first/ HTTP/1.1" 200 697
2024-08-16 17:17:47,837	[INFO]	C:\py\VSCODE\django_chatbot\venv_djanbot\Lib\site-packages\django\core\servers\basehttp.py(Line:212)	"POST /chat_app/end_chatbot/ HTTP/1.1" 200 21
2024-08-16 17:18:50,572	[INFO]	C:\py\VSCODE\django_chatbot\venv_djanbot\Lib\site-packages\django\utils\autoreload.py(Line:668)	Watching for file changes with StatReloader
2024-08-16 17:18:51,475	[INFO]	C:\py\VSCODE\django_chatbot\django_chatbot\wsgi.py(Line:24)	<<<<<< iFUSION-Chatbot start >>>>>>
2024-08-16 17:18:56,817	[INFO]	C:\py\VSCODE\django_chatbot\venv_djanbot\Lib\site-packages\django\core\servers\basehttp.py(Line:212)	"GET / HTTP/1.1" 200 34095
2024-08-16 17:18:56,955	[INFO]	C:\py\VSCODE\django_chatbot\venv_djanbot\Lib\site-packages\django\core\servers\basehttp.py(Line:212)	"GET /favicon.ico HTTP/1.1" 302 0
2024-08-16 17:19:27,977	[INFO]	C:\py\VSCODE\django_chatbot\venv_djanbot\Lib\site-packages\django\core\servers\basehttp.py(Line:212)	"POST /chat_app/ask_first/ HTTP/1.1" 200 420
2024-08-16 17:19:36,601	[INFO]	C:\py\VSCODE\django_chatbot\venv_djanbot\Lib\site-packages\django\core\servers\basehttp.py(Line:212)	"POST /chat_app/submit_faisssearch_responses/ HTTP/1.1" 200 150
2024-08-16 17:19:36,613	[INFO]	C:\py\VSCODE\django_chatbot\venv_djanbot\Lib\site-packages\django\core\servers\basehttp.py(Line:212)	"GET /chat_app/chat/ HTTP/1.1" 200 26992
2024-08-16 17:19:37,221	[INFO]	C:\py\VSCODE\django_chatbot\venv_djanbot\Lib\site-packages\django\core\servers\basehttp.py(Line:212)	"POST /chat_app/ask/ HTTP/1.1" 200 666
2024-08-16 17:19:42,173	[INFO]	C:\py\VSCODE\django_chatbot\venv_djanbot\Lib\site-packages\django\core\servers\basehttp.py(Line:212)	"GET /chat_app/chat_first/?user_message=iFUSION%E3%81%AE%E5%B0%8E%E5%85%A5%E3%83%A1%E3%83%AA%E3%83%83%E3%83%88 HTTP/1.1" 200 34123
2024-08-16 17:19:43,278	[INFO]	C:\py\VSCODE\django_chatbot\venv_djanbot\Lib\site-packages\django\core\servers\basehttp.py(Line:212)	"POST /chat_app/ask_first/ HTTP/1.1" 200 461
2024-08-16 17:19:53,203	[INFO]	C:\py\VSCODE\django_chatbot\venv_djanbot\Lib\site-packages\django\core\servers\basehttp.py(Line:212)	"POST /chat_app/end_chatbot/ HTTP/1.1" 200 21
2024-08-16 17:20:52,101	[INFO]	C:\py\VSCODE\django_chatbot\venv_djanbot\Lib\site-packages\django\utils\autoreload.py(Line:668)	Watching for file changes with StatReloader
2024-08-16 17:20:52,967	[INFO]	C:\py\VSCODE\django_chatbot\django_chatbot\wsgi.py(Line:24)	<<<<<< iFUSION-Chatbot start >>>>>>
2024-08-16 17:20:58,422	[INFO]	C:\py\VSCODE\django_chatbot\venv_djanbot\Lib\site-packages\django\core\servers\basehttp.py(Line:212)	"GET / HTTP/1.1" 200 34095
2024-08-16 17:21:02,551	[INFO]	C:\py\VSCODE\django_chatbot\venv_djanbot\Lib\site-packages\django\core\servers\basehttp.py(Line:212)	"POST /chat_app/set_language/ HTTP/1.1" 302 0
2024-08-16 17:21:02,556	[INFO]	C:\py\VSCODE\django_chatbot\venv_djanbot\Lib\site-packages\django\core\servers\basehttp.py(Line:212)	"GET / HTTP/1.1" 200 33992
